TN:
SF:lib/src/core/app_config.dart
FNF:0
FNH:0
DA:7,0
DA:8,0
DA:10,0
DA:13,0
DA:14,0
DA:15,0
DA:16,0
DA:17,0
DA:19,0
DA:20,0
DA:21,0
DA:22,0
LF:12
LH:0
end_of_record
TN:
SF:lib/src/core/exceptions/failure.dart
FNF:0
FNH:0
DA:5,4
LF:1
LH:1
end_of_record
TN:
SF:lib/src/core/helpers/rest_client_helper.dart
FNF:0
FNH:0
DA:10,1
DA:11,3
DA:12,1
DA:14,2
DA:15,1
DA:17,1
DA:26,0
DA:27,0
DA:28,0
LF:9
LH:6
end_of_record
TN:
SF:lib/src/core/logger/app_logger_impl.dart
FNF:0
FNH:0
DA:19,0
DA:21,0
DA:23,0
DA:25,0
DA:27,0
DA:29,0
DA:31,0
DA:33,0
DA:35,0
DA:36,0
DA:38,0
DA:40,0
DA:41,0
LF:13
LH:0
end_of_record
TN:
SF:lib/src/core/shared/data/rest_client/dio/dio_rest_client.dart
FNF:0
FNH:0
DA:24,3
DA:29,9
DA:30,9
DA:32,3
DA:38,5
DA:41,1
DA:48,5
DA:51,1
DA:54,1
DA:59,1
DA:60,2
LF:11
LH:11
end_of_record
TN:
SF:lib/src/core/shared/data/rest_client/dio/interceptors/rest_client_log_interceptor.dart
FNF:0
FNH:0
DA:14,3
DA:24,1
DA:27,1
DA:28,1
DA:29,1
DA:30,1
DA:31,1
DA:32,1
DA:34,2
DA:36,1
DA:38,1
DA:39,1
DA:40,2
DA:41,1
DA:46,1
DA:47,2
DA:48,4
DA:50,1
DA:51,2
DA:52,1
DA:54,2
DA:56,1
DA:59,1
DA:64,2
DA:65,1
DA:67,1
DA:70,1
DA:72,1
DA:73,1
DA:74,1
DA:75,4
DA:76,2
DA:78,1
DA:79,2
DA:83,1
DA:86,4
DA:88,1
DA:89,5
DA:91,1
DA:92,3
DA:93,2
DA:94,1
DA:95,1
DA:97,2
DA:98,5
DA:100,1
DA:101,2
DA:102,2
DA:104,2
LF:49
LH:49
end_of_record
TN:
SF:lib/src/core/shared/data/rest_client/rest_client_exception.dart
FNF:0
FNH:0
DA:8,1
LF:1
LH:1
end_of_record
TN:
SF:lib/src/core/shared/data/rest_client/rest_client_response.dart
FNF:0
FNH:0
DA:6,3
LF:1
LH:1
end_of_record
TN:
SF:lib/src/core/ui/extensions/as_html_color_to_color.dart
FNF:0
FNH:0
DA:10,2
DA:11,10
LF:2
LH:2
end_of_record
TN:
SF:lib/src/core/ui/extensions/navigator_extension.dart
FNF:0
FNH:0
DA:4,0
DA:6,0
DA:8,0
DA:12,0
LF:4
LH:0
end_of_record
TN:
SF:lib/src/core/ui/extensions/remove_all.dart
FNF:0
FNH:0
DA:2,4
DA:4,4
LF:2
LH:2
end_of_record
TN:
SF:lib/src/core/ui/extensions/screen_size_extension.dart
FNF:0
FNH:0
DA:4,4
DA:6,6
DA:7,6
DA:8,3
DA:9,6
DA:10,0
DA:11,0
DA:12,0
LF:8
LH:5
end_of_record
TN:
SF:lib/src/core/ui/styles/app_colors.dart
FNF:0
FNH:0
DA:8,2
DA:10,2
DA:11,2
DA:16,4
DA:18,4
DA:19,2
DA:20,2
DA:21,2
DA:22,4
DA:26,4
LF:10
LH:10
end_of_record
TN:
SF:lib/src/core/ui/styles/app_styles.dart
FNF:0
FNH:0
DA:8,0
DA:10,0
DA:11,0
DA:16,0
DA:17,0
DA:21,0
LF:6
LH:0
end_of_record
TN:
SF:lib/src/core/ui/styles/text_styles.dart
FNF:0
FNH:0
DA:6,2
DA:8,2
DA:9,2
DA:14,2
DA:16,2
DA:17,4
DA:18,0
DA:19,0
DA:20,0
DA:21,0
DA:22,2
DA:23,4
DA:25,0
DA:29,4
LF:14
LH:9
end_of_record
TN:
SF:lib/src/core/ui/themes/theme.dart
FNF:0
FNH:0
DA:3,0
DA:6,0
DA:7,0
DA:8,0
DA:9,0
DA:11,0
DA:12,0
DA:13,0
DA:16,0
LF:9
LH:0
end_of_record
TN:
SF:lib/src/core/ui/widgets/spinning_pokeball_animation.dart
FNF:0
FNH:0
DA:9,30
DA:11,2
DA:13,2
DA:21,2
DA:23,2
DA:24,2
DA:25,2
DA:26,2
DA:27,2
DA:28,0
DA:29,0
DA:34,2
DA:36,2
DA:37,2
DA:38,4
DA:39,8
DA:42,2
DA:47,6
DA:52,2
DA:54,4
DA:55,2
LF:21
LH:19
end_of_record
TN:
SF:lib/src/core/ui/widgets/svg_icon.dart
FNF:0
FNH:0
DA:5,2
DA:18,2
DA:20,2
DA:21,2
DA:22,2
DA:23,2
DA:24,2
LF:7
LH:7
end_of_record
TN:
SF:lib/src/core/ui/widgets/value_listenable_selector.dart
FNF:0
FNH:0
DA:9,1
DA:17,1
DA:19,1
DA:20,1
DA:21,1
DA:22,2
DA:24,2
DA:26,1
LF:8
LH:8
end_of_record
TN:
SF:lib/src/models/pokemon.dart
FNF:0
FNH:0
DA:10,8
DA:16,8
DA:17,7
DA:19,1
DA:20,2
DA:22,1
DA:23,3
DA:24,0
DA:27,1
DA:28,4
LF:10
LH:9
end_of_record
TN:
SF:lib/src/models/pokemon_detail.dart
FNF:0
FNH:0
DA:9,6
DA:21,10
DA:42,5
DA:43,7
DA:44,2
DA:45,1
DA:46,1
DA:47,1
DA:49,2
DA:50,1
DA:51,1
DA:52,1
DA:53,1
DA:54,1
DA:55,1
DA:56,1
DA:57,1
DA:61,1
DA:63,2
DA:64,2
DA:65,2
DA:66,2
DA:67,2
DA:68,2
DA:69,2
DA:70,2
DA:71,2
DA:72,4
DA:76,1
DA:78,1
DA:79,1
DA:82,1
DA:83,4
DA:84,1
DA:85,1
DA:86,5
DA:88,2
DA:90,1
DA:91,5
DA:94,0
DA:97,1
DA:98,1
DA:99,1
DA:100,1
DA:101,1
DA:102,1
DA:103,1
DA:104,1
DA:105,1
DA:106,1
DA:107,1
LF:51
LH:50
end_of_record
TN:
SF:lib/src/models/pokemon_stat.dart
FNF:0
FNH:0
DA:9,2
DA:11,1
DA:12,6
DA:13,1
DA:17,1
DA:18,3
LF:6
LH:6
end_of_record
TN:
SF:lib/src/models/pokemon_type.dart
FNF:0
FNH:0
DA:30,1
DA:31,4
DA:33,7
LF:3
LH:3
end_of_record
TN:
SF:lib/src/modules/pokemon/controllers/pokemon_controller.dart
FNF:0
FNH:0
DA:14,1
DA:16,1
DA:21,1
DA:22,3
DA:25,2
DA:26,1
DA:28,3
DA:31,1
DA:32,3
DA:34,1
DA:41,1
DA:42,2
DA:46,3
DA:49,2
DA:50,2
DA:53,4
DA:55,3
DA:58,4
DA:59,2
DA:60,2
DA:61,3
DA:65,1
DA:66,3
DA:68,1
DA:75,4
DA:77,2
DA:79,2
DA:82,0
DA:84,0
DA:85,0
DA:86,0
DA:88,0
LF:32
LH:27
end_of_record
TN:
SF:lib/src/modules/pokemon/controllers/pokemon_state.dart
FNF:0
FNH:0
DA:18,2
DA:27,12
DA:35,2
DA:43,2
DA:45,2
DA:46,2
DA:47,2
DA:48,2
DA:49,2
DA:52,1
DA:54,7
LF:11
LH:11
end_of_record
TN:
SF:lib/src/modules/pokemon/helpers/pokemon_helper.dart
FNF:0
FNH:0
DA:12,0
DA:14,0
DA:15,0
DA:16,0
DA:19,1
DA:24,1
DA:25,1
DA:26,3
DA:27,2
DA:29,1
LF:10
LH:6
end_of_record
TN:
SF:lib/src/modules/pokemon/pokemon_page.dart
FNF:0
FNH:0
DA:14,1
DA:18,1
DA:19,1
DA:25,1
DA:27,1
DA:28,1
DA:29,1
DA:30,1
DA:31,1
DA:33,1
DA:34,1
DA:35,1
DA:36,2
DA:41,1
DA:43,3
DA:44,1
DA:45,2
DA:50,1
DA:52,1
DA:54,1
DA:55,1
DA:56,1
DA:57,1
DA:58,1
DA:59,2
DA:63,3
DA:69,2
DA:70,2
DA:71,2
DA:73,1
DA:74,1
DA:75,2
DA:79,1
DA:80,2
DA:81,2
DA:82,1
DA:86,3
DA:88,1
DA:89,2
DA:90,1
DA:93,2
DA:95,2
DA:101,2
DA:106,1
DA:108,2
DA:109,1
LF:46
LH:46
end_of_record
TN:
SF:lib/src/modules/pokemon/widgets/pokemon_card.dart
FNF:0
FNH:0
DA:14,1
DA:16,1
DA:18,1
DA:19,0
DA:20,1
DA:21,2
DA:22,2
DA:23,2
DA:28,1
DA:30,1
DA:31,1
DA:33,1
DA:35,1
DA:36,2
DA:38,4
DA:42,1
DA:44,1
DA:45,1
DA:46,2
DA:57,1
DA:59,1
DA:60,1
DA:61,1
DA:64,1
DA:65,2
DA:66,1
DA:69,1
DA:70,2
DA:71,3
DA:72,1
DA:73,2
LF:31
LH:30
end_of_record
TN:
SF:lib/src/modules/pokemon/widgets/pokemon_list.dart
FNF:0
FNH:0
DA:8,1
DA:17,1
DA:18,1
DA:24,0
DA:25,0
DA:29,0
DA:30,0
DA:31,0
DA:33,0
DA:36,0
DA:37,0
DA:38,0
DA:42,1
DA:44,1
DA:45,3
DA:48,1
DA:50,1
DA:52,1
DA:60,1
DA:61,4
DA:62,3
DA:66,1
DA:68,1
DA:69,2
DA:70,1
DA:71,1
LF:26
LH:17
end_of_record
TN:
SF:lib/src/modules/pokemon/widgets/search_text_field.dart
FNF:0
FNH:0
DA:10,1
DA:19,0
DA:20,0
DA:21,0
DA:24,1
DA:31,1
DA:33,1
DA:34,1
DA:35,1
DA:37,4
DA:38,1
DA:43,1
DA:44,2
DA:48,1
DA:49,1
DA:50,3
DA:51,0
DA:52,0
DA:53,0
DA:56,0
DA:62,2
DA:67,2
LF:22
LH:15
end_of_record
TN:
SF:lib/src/modules/pokemon/widgets/sort_card.dart
FNF:0
FNH:0
DA:12,1
DA:16,1
DA:18,1
DA:19,1
DA:20,1
DA:21,1
DA:25,1
DA:26,2
DA:27,1
DA:29,1
DA:31,1
DA:32,1
DA:35,1
DA:37,3
DA:38,2
DA:39,1
DA:43,1
DA:48,1
DA:51,1
DA:52,1
DA:53,1
DA:54,1
DA:55,0
DA:56,0
DA:59,0
DA:60,0
DA:63,0
DA:64,0
DA:77,1
DA:78,1
DA:79,3
DA:80,2
DA:81,1
DA:82,1
DA:83,1
DA:84,1
DA:85,2
DA:93,2
DA:107,0
DA:114,0
DA:116,0
DA:118,0
DA:120,0
DA:121,0
DA:122,0
DA:123,0
DA:124,0
DA:131,0
DA:132,0
DA:133,0
DA:134,0
DA:135,0
DA:136,0
DA:137,0
LF:54
LH:32
end_of_record
TN:
SF:lib/src/modules/pokemon_detail/controller/pokemon_detail_controller.dart
FNF:0
FNH:0
DA:14,1
DA:16,1
DA:20,1
DA:21,3
DA:24,2
DA:26,3
DA:32,1
DA:33,3
DA:35,1
DA:42,1
DA:44,5
DA:45,3
DA:48,2
DA:52,3
DA:58,1
DA:59,3
DA:61,1
DA:68,1
DA:69,4
DA:73,5
DA:75,3
DA:78,2
DA:82,3
DA:88,1
DA:89,3
DA:91,1
LF:26
LH:26
end_of_record
TN:
SF:lib/src/modules/pokemon_detail/controller/pokemon_detail_state.dart
FNF:0
FNH:0
DA:16,2
DA:23,12
DA:29,2
DA:35,2
DA:37,2
DA:38,2
DA:39,2
DA:42,1
DA:44,5
LF:9
LH:9
end_of_record
TN:
SF:lib/src/modules/pokemon_detail/pokemon_detail_page.dart
FNF:0
FNH:0
DA:10,1
DA:14,1
DA:16,1
DA:17,3
DA:19,1
DA:20,1
DA:21,2
DA:22,1
DA:24,2
DA:25,3
DA:26,1
DA:29,2
DA:30,1
DA:31,1
LF:14
LH:14
end_of_record
TN:
SF:lib/src/modules/pokemon_detail/widgets/loaded_pokemon_detail.dart
FNF:0
FNH:0
DA:14,1
DA:23,1
DA:25,4
DA:27,1
DA:28,1
DA:30,1
DA:32,1
DA:33,1
DA:35,1
DA:36,1
DA:37,2
DA:40,1
DA:44,1
DA:46,1
DA:48,1
DA:50,1
DA:51,1
DA:52,1
DA:53,3
DA:59,1
DA:60,1
DA:61,1
DA:62,2
DA:63,1
DA:65,1
DA:66,1
DA:68,1
DA:69,1
DA:70,2
DA:72,0
DA:74,0
DA:75,0
DA:77,0
DA:78,0
DA:79,0
DA:80,0
DA:85,1
DA:87,1
DA:88,1
DA:90,1
DA:91,2
DA:92,1
DA:94,1
DA:95,1
DA:96,1
DA:97,2
DA:104,2
DA:105,1
DA:107,1
DA:108,1
DA:109,2
DA:110,2
DA:113,1
DA:114,2
DA:115,2
DA:120,0
DA:121,0
DA:122,0
DA:124,1
DA:125,2
DA:130,2
DA:134,2
LF:62
LH:52
end_of_record
TN:
SF:lib/src/modules/pokemon_detail/widgets/loading_pokemon_detail.dart
FNF:0
FNH:0
DA:8,10
DA:10,1
DA:12,1
DA:13,1
DA:14,1
DA:16,1
DA:19,1
DA:21,3
DA:22,2
LF:9
LH:9
end_of_record
TN:
SF:lib/src/modules/pokemon_detail/widgets/pokemon_attribute_info.dart
FNF:0
FNH:0
DA:16,1
DA:25,1
DA:27,1
DA:29,1
DA:30,1
DA:31,1
DA:32,1
DA:33,2
DA:34,1
DA:35,2
DA:41,1
DA:42,5
DA:43,3
DA:45,2
DA:51,1
DA:52,1
DA:53,3
DA:55,2
LF:18
LH:18
end_of_record
TN:
SF:lib/src/modules/pokemon_detail/widgets/pokemon_attribute_tile.dart
FNF:0
FNH:0
DA:11,1
DA:13,1
DA:15,4
DA:17,1
DA:19,1
DA:20,1
DA:26,1
DA:28,1
DA:30,2
DA:33,1
DA:40,1
DA:42,1
DA:44,2
DA:47,1
DA:49,1
DA:50,1
DA:51,1
DA:52,3
DA:53,3
DA:55,2
DA:61,1
DA:63,3
DA:65,2
LF:23
LH:23
end_of_record
TN:
SF:lib/src/modules/pokemon_detail/widgets/pokemon_detail_about_tile.dart
FNF:0
FNH:0
DA:11,1
DA:15,1
DA:18,3
DA:19,1
DA:20,1
DA:21,1
DA:23,1
DA:24,1
DA:25,1
DA:26,1
DA:28,2
DA:29,2
DA:33,2
DA:34,1
DA:36,1
DA:38,1
DA:40,3
DA:41,1
DA:42,2
DA:48,1
DA:50,2
DA:51,2
DA:55,1
DA:56,1
DA:58,1
DA:59,1
DA:60,1
DA:62,1
DA:63,3
DA:64,2
DA:65,1
DA:69,3
DA:70,1
DA:71,1
DA:73,1
DA:74,3
DA:75,3
DA:77,2
DA:82,1
DA:84,1
DA:86,1
DA:87,2
DA:88,2
LF:43
LH:43
end_of_record
TN:
SF:lib/src/modules/pokemon_detail/widgets/pokemon_detail_appbar.dart
FNF:0
FNH:0
DA:13,1
DA:15,1
DA:17,3
DA:19,1
DA:23,1
DA:24,1
DA:25,1
DA:26,1
DA:27,1
DA:28,1
DA:29,1
DA:31,1
DA:32,2
DA:39,1
DA:41,3
DA:42,1
DA:43,2
DA:46,1
DA:47,1
DA:49,1
DA:51,3
DA:52,1
DA:53,2
LF:23
LH:23
end_of_record
TN:
SF:lib/src/modules/pokemon_detail/widgets/pokemon_detail_error.dart
FNF:0
FNH:0
DA:10,1
DA:16,1
DA:18,1
DA:19,1
DA:20,1
DA:22,1
DA:23,1
DA:24,1
DA:25,2
DA:26,3
DA:29,1
DA:31,1
DA:32,1
DA:34,2
DA:35,3
LF:15
LH:15
end_of_record
TN:
SF:lib/src/modules/pokemon_detail/widgets/pokemon_type_chip.dart
FNF:0
FNH:0
DA:10,1
DA:12,1
DA:14,1
DA:15,1
DA:16,1
DA:19,1
DA:21,1
DA:22,1
DA:23,2
DA:24,3
LF:10
LH:10
end_of_record
TN:
SF:lib/src/repositories/pokemon/pokemon_repository_impl.dart
FNF:0
FNH:0
DA:14,1
DA:16,1
DA:22,3
DA:24,1
DA:27,1
DA:28,3
DA:32,4
DA:33,1
DA:36,1
DA:37,3
LF:10
LH:10
end_of_record
TN:
SF:lib/src/repositories/pokemon_detail/pokemon_detail_repository_impl.dart
FNF:0
FNH:0
DA:11,1
DA:13,1
DA:16,1
DA:17,3
DA:19,1
DA:20,1
DA:21,3
DA:25,1
DA:29,3
DA:30,3
DA:33,1
DA:34,5
DA:35,1
DA:37,1
DA:38,2
DA:40,1
DA:41,3
LF:17
LH:17
end_of_record
TN:
SF:lib/src/services/pokemon/pokemon_service_impl.dart
FNF:0
FNH:0
DA:11,1
DA:17,1
DA:23,2
DA:25,1
DA:26,1
DA:27,1
DA:28,2
DA:29,3
DA:31,2
LF:9
LH:9
end_of_record
TN:
SF:lib/src/services/pokemon_detail/pokemon_detail_service_impl.dart
FNF:0
FNH:0
DA:11,1
DA:17,1
DA:19,1
DA:21,1
DA:23,2
DA:25,1
DA:29,2
DA:30,2
DA:32,1
DA:35,1
DA:36,1
DA:37,2
DA:38,2
DA:39,2
DA:42,1
LF:15
LH:15
end_of_record
