TN:
SF:lib\src\core\app_config.dart
FNF:0
FNH:0
DA:7,0
DA:8,0
DA:10,0
DA:13,0
DA:14,0
DA:15,0
DA:16,0
DA:17,0
DA:18,0
DA:20,0
DA:21,0
DA:22,0
DA:23,0
LF:13
LH:0
end_of_record
TN:
SF:lib\src\core\exceptions\failure.dart
FNF:0
FNH:0
DA:5,4
LF:1
LH:1
end_of_record
TN:
SF:lib\src\core\helpers\rest_client_helper.dart
FNF:0
FNH:0
DA:10,1
DA:11,3
DA:12,1
DA:14,2
DA:15,1
DA:17,1
DA:26,0
DA:27,0
DA:28,0
LF:9
LH:6
end_of_record
TN:
SF:lib\src\core\logger\app_logger_impl.dart
FNF:0
FNH:0
DA:19,0
DA:21,0
DA:23,0
DA:25,0
DA:27,0
DA:29,0
DA:31,0
DA:33,0
DA:35,0
DA:36,0
DA:38,0
DA:40,0
DA:41,0
LF:13
LH:0
end_of_record
TN:
SF:lib\src\core\shared\data\rest_client\dio\dio_rest_client.dart
FNF:0
FNH:0
DA:24,3
DA:29,9
DA:30,9
DA:32,3
DA:38,5
DA:41,1
DA:48,2
DA:51,1
DA:54,1
DA:55,1
DA:56,2
DA:60,1
DA:61,1
DA:62,1
DA:63,1
DA:64,1
LF:16
LH:16
end_of_record
TN:
SF:lib\src\core\shared\data\rest_client\dio\interceptors\rest_client_log_interceptor.dart
FNF:0
FNH:0
DA:14,3
DA:24,1
DA:26,0
DA:27,1
DA:28,1
DA:29,1
DA:30,1
DA:31,1
DA:32,1
DA:34,2
DA:36,1
DA:38,1
DA:39,1
DA:40,2
DA:41,1
DA:46,1
DA:47,2
DA:48,4
DA:50,1
DA:51,2
DA:52,1
DA:54,2
DA:56,1
DA:59,1
DA:64,2
DA:65,1
DA:67,1
DA:70,1
DA:72,1
DA:73,1
DA:74,1
DA:75,4
DA:76,2
DA:78,1
DA:79,2
DA:83,1
DA:86,4
DA:88,1
DA:89,5
DA:91,1
DA:92,3
DA:93,2
DA:94,1
DA:95,1
DA:97,2
DA:98,5
DA:100,1
DA:101,2
DA:102,2
DA:104,2
LF:50
LH:49
end_of_record
TN:
SF:lib\src\core\shared\data\rest_client\rest_client_exception.dart
FNF:0
FNH:0
DA:8,1
LF:1
LH:1
end_of_record
TN:
SF:lib\src\core\shared\data\rest_client\rest_client_response.dart
FNF:0
FNH:0
DA:6,1
LF:1
LH:1
end_of_record
TN:
SF:lib\src\core\ui\extensions\as_html_color_to_color.dart
FNF:0
FNH:0
DA:10,2
DA:11,10
LF:2
LH:2
end_of_record
TN:
SF:lib\src\core\ui\extensions\navigator_extension.dart
FNF:0
FNH:0
DA:4,0
DA:6,0
DA:8,0
DA:12,0
LF:4
LH:0
end_of_record
TN:
SF:lib\src\core\ui\extensions\remove_all.dart
FNF:0
FNH:0
DA:2,4
DA:4,4
LF:2
LH:2
end_of_record
TN:
SF:lib\src\core\ui\extensions\screen_size_extension.dart
FNF:0
FNH:0
DA:4,4
DA:6,6
DA:7,6
DA:8,3
DA:9,6
DA:10,0
DA:11,0
DA:12,0
LF:8
LH:5
end_of_record
TN:
SF:lib\src\core\ui\styles\app_colors.dart
FNF:0
FNH:0
DA:8,2
DA:10,2
DA:11,2
DA:16,4
DA:18,4
DA:19,2
DA:20,2
DA:21,2
DA:22,4
DA:26,4
LF:10
LH:10
end_of_record
TN:
SF:lib\src\core\ui\styles\app_styles.dart
FNF:0
FNH:0
DA:8,0
DA:10,0
DA:11,0
DA:16,0
DA:17,0
DA:21,0
LF:6
LH:0
end_of_record
TN:
SF:lib\src\core\ui\styles\text_styles.dart
FNF:0
FNH:0
DA:6,2
DA:8,2
DA:9,2
DA:14,2
DA:16,2
DA:17,4
DA:18,0
DA:19,0
DA:20,0
DA:21,0
DA:22,2
DA:23,4
DA:25,0
DA:29,4
LF:14
LH:9
end_of_record
TN:
SF:lib\src\core\ui\themes\theme.dart
FNF:0
FNH:0
DA:3,0
DA:6,0
DA:7,0
DA:8,0
DA:9,0
DA:11,0
DA:12,0
DA:13,0
DA:16,0
LF:9
LH:0
end_of_record
TN:
SF:lib\src\core\ui\widgets\spinning_pokeball_animation.dart
FNF:0
FNH:0
DA:7,20
DA:9,1
DA:11,1
DA:18,1
DA:20,1
DA:21,1
DA:22,1
DA:23,1
DA:24,1
DA:25,0
DA:26,0
DA:31,1
DA:33,1
DA:34,1
DA:35,2
DA:36,4
DA:39,1
DA:44,3
DA:49,1
DA:51,2
DA:52,1
LF:21
LH:19
end_of_record
TN:
SF:lib\src\models\pokemon.dart
FNF:0
FNH:0
DA:10,8
DA:16,8
DA:17,7
DA:19,1
DA:24,2
DA:26,1
DA:27,2
DA:29,2
DA:30,8
LF:9
LH:9
end_of_record
TN:
SF:lib\src\models\pokemon_detail.dart
FNF:0
FNH:0
DA:19,16
DA:31,5
DA:32,7
DA:33,2
DA:34,1
DA:35,1
DA:36,1
DA:38,1
DA:49,1
DA:50,1
DA:51,1
DA:52,1
DA:53,1
DA:54,1
DA:55,1
DA:56,1
DA:57,1
DA:61,1
DA:62,1
DA:63,1
DA:66,1
DA:67,1
DA:68,1
DA:71,2
DA:73,2
DA:74,1
DA:76,1
DA:77,1
DA:78,2
DA:79,2
DA:80,4
DA:84,3
DA:85,1
DA:87,5
DA:88,1
DA:89,1
DA:93,2
DA:94,2
DA:95,2
DA:96,2
DA:97,2
DA:98,2
DA:99,2
DA:100,2
DA:101,2
DA:102,2
DA:103,2
LF:47
LH:47
end_of_record
TN:
SF:lib\src\models\pokemon_stat.dart
FNF:0
FNH:0
DA:9,2
DA:11,2
DA:12,2
DA:13,1
DA:16,1
DA:17,3
LF:6
LH:6
end_of_record
TN:
SF:lib\src\models\pokemon_type.dart
FNF:0
FNH:0
DA:30,1
DA:31,4
DA:33,7
LF:3
LH:3
end_of_record
TN:
SF:lib\src\modules\pokemon\controllers\pokemon_controller.dart
FNF:0
FNH:0
DA:17,1
DA:19,1
DA:21,1
DA:22,3
DA:25,2
DA:26,1
DA:28,3
DA:29,1
DA:30,1
DA:31,3
DA:36,1
DA:37,2
DA:41,3
DA:44,2
DA:45,2
DA:48,4
DA:50,1
DA:51,2
DA:54,4
DA:55,2
DA:56,2
DA:57,3
DA:60,1
DA:61,1
DA:62,3
DA:67,2
DA:68,2
DA:71,2
DA:73,2
DA:77,0
DA:78,0
DA:80,0
DA:81,0
DA:84,0
DA:85,0
LF:35
LH:29
end_of_record
TN:
SF:lib\src\modules\pokemon\controllers\pokemon_state.dart
FNF:0
FNH:0
DA:18,14
DA:27,12
DA:28,0
DA:36,2
DA:44,2
DA:46,2
DA:47,2
DA:48,2
DA:49,2
DA:50,2
DA:53,1
DA:55,7
LF:12
LH:11
end_of_record
TN:
SF:lib\src\modules\pokemon\helpers\pokemon_helper.dart
FNF:0
FNH:0
DA:12,0
DA:14,0
DA:15,0
DA:16,0
DA:19,1
DA:24,1
DA:25,1
DA:26,3
DA:27,2
DA:29,1
LF:10
LH:6
end_of_record
TN:
SF:lib\src\modules\pokemon\pokemon_page.dart
FNF:0
FNH:0
DA:15,11
DA:17,1
DA:18,1
DA:24,1
DA:26,1
DA:27,1
DA:28,1
DA:29,1
DA:30,1
DA:32,1
DA:33,1
DA:34,1
DA:35,2
DA:40,1
DA:42,3
DA:43,1
DA:44,2
DA:49,1
DA:51,1
DA:53,1
DA:54,1
DA:55,3
DA:63,2
DA:64,2
DA:65,2
DA:67,1
DA:68,1
DA:69,2
DA:73,1
DA:74,2
DA:75,1
DA:79,2
DA:81,1
DA:82,1
DA:85,2
DA:87,2
DA:93,2
DA:98,1
DA:100,2
DA:101,1
LF:40
LH:40
end_of_record
TN:
SF:lib\src\modules\pokemon\widgets\pokemon_card.dart
FNF:0
FNH:0
DA:13,1
DA:15,1
DA:17,1
DA:18,0
DA:19,1
DA:20,2
DA:21,2
DA:22,2
DA:27,1
DA:29,1
DA:30,1
DA:32,1
DA:34,1
DA:35,2
DA:37,4
DA:41,1
DA:43,1
DA:44,1
DA:45,2
DA:56,1
DA:58,1
DA:59,1
DA:60,1
DA:63,3
DA:65,1
DA:66,2
DA:67,3
DA:68,1
DA:69,2
LF:29
LH:28
end_of_record
TN:
SF:lib\src\modules\pokemon\widgets\pokemon_list.dart
FNF:0
FNH:0
DA:11,1
DA:13,1
DA:14,1
DA:20,0
DA:21,0
DA:25,0
DA:26,0
DA:27,0
DA:29,0
DA:32,0
DA:33,0
DA:34,0
DA:38,1
DA:40,1
DA:41,3
DA:44,1
DA:46,1
DA:48,1
DA:56,1
DA:57,4
DA:58,3
DA:62,1
DA:64,1
DA:65,2
DA:66,1
DA:67,1
LF:26
LH:17
end_of_record
TN:
SF:lib\src\modules\pokemon\widgets\search_text_field.dart
FNF:0
FNH:0
DA:13,1
DA:20,0
DA:21,0
DA:22,0
DA:25,1
DA:27,1
DA:29,1
DA:31,1
DA:32,1
DA:33,1
DA:35,4
DA:36,1
DA:41,1
DA:42,2
DA:46,1
DA:47,2
DA:48,3
DA:51,1
DA:52,0
DA:53,0
DA:54,0
DA:57,0
DA:63,2
DA:68,1
LF:24
LH:17
end_of_record
TN:
SF:lib\src\modules\pokemon\widgets\sort_card.dart
FNF:0
FNH:0
DA:12,10
DA:14,1
DA:16,1
DA:18,1
DA:19,1
DA:20,1
DA:21,1
DA:25,1
DA:26,2
DA:27,1
DA:29,1
DA:31,1
DA:32,1
DA:35,1
DA:37,3
DA:38,2
DA:39,1
DA:43,1
DA:48,1
DA:51,1
DA:52,1
DA:53,1
DA:54,0
DA:55,0
DA:58,0
DA:59,0
DA:62,0
DA:63,0
DA:77,1
DA:78,3
DA:79,2
DA:80,1
DA:81,1
DA:82,1
DA:83,1
DA:84,2
DA:92,2
DA:106,0
DA:113,0
DA:115,0
DA:117,0
DA:119,0
DA:120,0
DA:121,0
DA:122,0
DA:123,0
DA:130,0
DA:131,0
DA:132,0
DA:133,0
DA:134,0
DA:135,0
DA:136,0
LF:53
LH:31
end_of_record
TN:
SF:lib\src\modules\pokemon_detail\controller\pokemon_detail_controller.dart
FNF:0
FNH:0
DA:14,1
DA:16,1
DA:18,1
DA:19,3
DA:22,2
DA:24,1
DA:25,2
DA:30,1
DA:31,1
DA:32,2
DA:34,1
DA:40,1
DA:42,5
DA:43,3
DA:46,2
DA:50,1
DA:51,2
DA:56,1
DA:57,1
DA:58,2
DA:60,1
DA:66,1
DA:67,4
DA:71,5
DA:73,3
DA:76,2
DA:80,1
DA:81,2
DA:86,1
DA:87,1
DA:88,2
DA:90,1
LF:32
LH:32
end_of_record
TN:
SF:lib\src\modules\pokemon_detail\controller\pokemon_detail_state.dart
FNF:0
FNH:0
DA:16,14
DA:23,12
DA:24,0
DA:38,2
DA:44,2
DA:46,2
DA:47,2
DA:48,2
DA:51,1
DA:53,5
LF:10
LH:9
end_of_record
TN:
SF:lib\src\modules\pokemon_detail\pokemon_detail_page.dart
FNF:0
FNH:0
DA:11,11
DA:13,1
DA:15,1
DA:16,3
DA:18,1
DA:19,2
DA:20,1
DA:22,2
DA:23,1
DA:24,1
DA:25,1
DA:26,1
DA:29,2
DA:30,1
LF:14
LH:14
end_of_record
TN:
SF:lib\src\modules\pokemon_detail\widgets\loaded_pokemon_detail.dart
FNF:0
FNH:0
DA:18,1
DA:20,1
DA:22,5
DA:23,1
DA:25,1
DA:26,1
DA:28,1
DA:30,1
DA:31,1
DA:33,1
DA:34,1
DA:35,2
DA:38,1
DA:42,1
DA:44,1
DA:46,1
DA:48,1
DA:49,1
DA:50,1
DA:51,3
DA:57,1
DA:58,1
DA:59,1
DA:60,2
DA:61,1
DA:63,1
DA:64,1
DA:66,1
DA:67,1
DA:68,2
DA:70,0
DA:71,0
DA:72,0
DA:73,0
DA:74,0
DA:76,0
DA:77,0
DA:78,0
DA:79,0
DA:84,1
DA:86,1
DA:87,1
DA:89,1
DA:90,0
DA:91,0
DA:92,0
DA:93,1
DA:95,1
DA:96,1
DA:97,1
DA:98,2
DA:105,2
DA:106,1
DA:108,1
DA:109,1
DA:110,2
DA:111,2
DA:114,1
DA:115,2
DA:116,2
DA:121,0
DA:122,0
DA:123,0
DA:125,1
DA:126,1
DA:127,1
DA:128,1
DA:129,1
DA:131,3
DA:132,1
DA:133,2
DA:138,2
DA:139,1
DA:141,1
DA:143,1
DA:145,3
DA:146,1
DA:147,2
DA:153,1
DA:155,3
DA:156,1
DA:157,2
DA:162,1
DA:163,2
DA:165,1
DA:166,1
DA:167,1
DA:169,1
DA:170,1
DA:171,1
DA:172,1
DA:174,3
DA:176,2
DA:181,1
DA:182,2
DA:184,1
DA:185,1
DA:187,1
DA:188,3
DA:189,2
DA:190,1
DA:193,2
DA:198,1
DA:200,1
DA:204,1
DA:205,2
DA:207,2
DA:208,2
DA:223,2
DA:227,2
LF:110
LH:95
end_of_record
TN:
SF:lib\src\modules\pokemon_detail\widgets\loading_pokemon_detail.dart
FNF:0
FNH:0
DA:8,10
DA:10,1
DA:12,1
DA:13,1
DA:14,1
DA:16,1
DA:19,1
DA:21,3
DA:22,2
LF:9
LH:9
end_of_record
TN:
SF:lib\src\modules\pokemon_detail\widgets\pokemon_attribute_info.dart
FNF:0
FNH:0
DA:16,1
DA:25,1
DA:27,1
DA:29,1
DA:30,1
DA:31,1
DA:32,1
DA:33,2
DA:34,1
DA:35,2
DA:41,1
DA:42,5
DA:43,3
DA:45,2
DA:51,1
DA:52,1
DA:53,3
DA:55,2
LF:18
LH:18
end_of_record
TN:
SF:lib\src\modules\pokemon_detail\widgets\pokemon_attribute_tile.dart
FNF:0
FNH:0
DA:11,1
DA:13,1
DA:15,4
DA:17,1
DA:19,1
DA:20,1
DA:26,1
DA:28,1
DA:30,2
DA:33,1
DA:40,1
DA:42,1
DA:44,2
DA:47,1
DA:49,1
DA:50,1
DA:51,1
DA:52,3
DA:53,3
DA:55,2
DA:61,1
DA:63,3
DA:65,2
LF:23
LH:23
end_of_record
TN:
SF:lib\src\modules\pokemon_detail\widgets\pokemon_detail_appbar.dart
FNF:0
FNH:0
DA:13,1
DA:15,1
DA:17,1
DA:21,1
DA:22,1
DA:23,1
DA:24,1
DA:25,1
DA:26,1
DA:27,1
DA:29,1
DA:30,2
DA:37,1
DA:38,2
DA:39,3
DA:40,1
DA:41,2
DA:44,1
DA:45,1
DA:47,1
DA:48,2
DA:49,3
DA:50,1
DA:51,2
LF:24
LH:24
end_of_record
TN:
SF:lib\src\modules\pokemon_detail\widgets\pokemon_detail_error.dart
FNF:0
FNH:0
DA:10,1
DA:16,1
DA:18,1
DA:19,1
DA:20,1
DA:22,1
DA:23,1
DA:24,1
DA:25,2
DA:26,3
DA:29,1
DA:31,1
DA:32,1
DA:34,2
DA:35,3
LF:15
LH:15
end_of_record
TN:
SF:lib\src\modules\pokemon_detail\widgets\pokemon_type_chip.dart
FNF:0
FNH:0
DA:10,1
DA:12,1
DA:14,1
DA:15,1
DA:16,1
DA:19,1
DA:21,1
DA:22,1
DA:23,2
DA:24,3
LF:10
LH:10
end_of_record
TN:
SF:lib\src\repositories\pokemon\pokemon_repository_impl.dart
FNF:0
FNH:0
DA:11,1
DA:14,1
DA:20,1
DA:21,2
DA:23,1
DA:26,1
DA:27,4
DA:29,1
DA:30,1
DA:31,3
LF:10
LH:10
end_of_record
TN:
SF:lib\src\repositories\pokemon_detail\pokemon_detail_repository_impl.dart
FNF:0
FNH:0
DA:11,1
DA:14,1
DA:17,1
DA:18,3
DA:20,1
DA:21,1
DA:22,3
DA:26,1
DA:29,1
DA:30,3
DA:32,1
DA:33,1
DA:34,5
DA:35,1
DA:37,1
DA:38,2
DA:40,1
DA:41,3
LF:18
LH:18
end_of_record
TN:
SF:lib\src\services\pokemon\pokemon_service_impl.dart
FNF:0
FNH:0
DA:10,1
DA:16,1
DA:22,2
DA:24,1
DA:25,1
DA:26,1
DA:28,3
DA:30,1
DA:31,1
DA:32,2
LF:10
LH:10
end_of_record
TN:
SF:lib\src\services\pokemon_detail\pokemon_detail_service_impl.dart
FNF:0
FNH:0
DA:10,1
DA:16,1
DA:18,1
DA:20,1
DA:22,2
DA:24,1
DA:29,2
DA:30,2
DA:32,1
DA:35,1
DA:36,1
DA:37,2
DA:38,2
DA:39,2
DA:42,1
LF:15
LH:15
end_of_record
